<?xml version="1.0" encoding="UTF-8"?>
<!-- Generated by org.testng.reporters.JUnitXMLReporter -->
<testsuite hostname="Laxman" ignored="0" name="Default test" tests="15" failures="0" timestamp="2024-01-03T13:53:46 IST" time="0.191" errors="0">
  <testcase name="addTest" time="0.021" classname="runclasstests.jenkinstest"/>
  <testcase name="addTest" time="0.002" classname="runclasstests.jenkinstest"/>
  <testcase name="addTest" time="0.002" classname="runclasstests.jenkinstest"/>
  <testcase name="addTest" time="0.002" classname="runclasstests.jenkinstest"/>
  <testcase name="addTest" time="0.002" classname="runclasstests.jenkinstest"/>
  <testcase name="mulTest" time="0.001" classname="runclasstests.jenkinstest"/>
  <testcase name="mulTest" time="0.001" classname="runclasstests.jenkinstest"/>
  <testcase name="mulTest" time="0.002" classname="runclasstests.jenkinstest"/>
  <testcase name="mulTest" time="0.0" classname="runclasstests.jenkinstest"/>
  <testcase name="mulTest" time="0.002" classname="runclasstests.jenkinstest"/>
  <testcase name="subTest" time="0.002" classname="runclasstests.jenkinstest"/>
  <testcase name="subTest" time="0.009" classname="runclasstests.jenkinstest"/>
  <testcase name="subTest" time="0.002" classname="runclasstests.jenkinstest"/>
  <testcase name="subTest" time="0.007" classname="runclasstests.jenkinstest"/>
  <testcase name="subTest" time="0.0" classname="runclasstests.jenkinstest"/>
</testsuite> <!-- Default test -->
