<?xml version="1.0" encoding="UTF-8"?>
<!-- Generated by org.testng.reporters.JUnitXMLReporter -->
<testsuite hostname="Laxman" ignored="0" name="Test" tests="15" failures="0" timestamp="2024-01-03T13:58:28 IST" time="0.105" errors="0">
  <testcase name="addTest" time="0.016" classname="runclasstests.jenkinstest"/>
  <testcase name="addTest" time="0.0" classname="runclasstests.jenkinstest"/>
  <testcase name="addTest" time="0.005" classname="runclasstests.jenkinstest"/>
  <testcase name="addTest" time="0.0" classname="runclasstests.jenkinstest"/>
  <testcase name="addTest" time="0.011" classname="runclasstests.jenkinstest"/>
  <testcase name="mulTest" time="0.0" classname="runclasstests.jenkinstest"/>
  <testcase name="mulTest" time="0.0" classname="runclasstests.jenkinstest"/>
  <testcase name="mulTest" time="0.0" classname="runclasstests.jenkinstest"/>
  <testcase name="mulTest" time="0.016" classname="runclasstests.jenkinstest"/>
  <testcase name="mulTest" time="0.0" classname="runclasstests.jenkinstest"/>
  <testcase name="subTest" time="0.0" classname="runclasstests.jenkinstest"/>
  <testcase name="subTest" time="0.0" classname="runclasstests.jenkinstest"/>
  <testcase name="subTest" time="0.0" classname="runclasstests.jenkinstest"/>
  <testcase name="subTest" time="0.0" classname="runclasstests.jenkinstest"/>
  <testcase name="subTest" time="0.0" classname="runclasstests.jenkinstest"/>
</testsuite> <!-- Test -->
