<?xml version="1.0" encoding="UTF-8"?>
<testng-results skipped="0" failed="0" ignored="0" total="9" passed="9">
  <reporter-output>
  </reporter-output>
  <suite name="Default suite" duration-ms="72" started-at="2024-01-13T16:50:14 IST" finished-at="2024-01-13T16:50:14 IST">
    <groups>
    </groups>
    <test name="Default test" duration-ms="72" started-at="2024-01-13T16:50:14 IST" finished-at="2024-01-13T16:50:14 IST">
      <class name="runclasstests.jenkinstest">
        <test-method status="PASS" signature="addTest()[pri:0, instance:runclasstests.jenkinstest@2de8284b, instance params:[]]" name="addTest" duration-ms="10" started-at="2024-01-13T16:50:14 IST" finished-at="2024-01-13T16:50:14 IST">
          <reporter-output>
          </reporter-output>
        </test-method> <!-- addTest -->
        <test-method status="PASS" signature="mulTest()[pri:0, instance:runclasstests.jenkinstest@3891771e, instance params:[]]" name="mulTest" duration-ms="0" started-at="2024-01-13T16:50:14 IST" finished-at="2024-01-13T16:50:14 IST">
          <reporter-output>
          </reporter-output>
        </test-method> <!-- mulTest -->
        <test-method status="PASS" signature="addTest()[pri:0, instance:runclasstests.jenkinstest@3891771e, instance params:[]]" name="addTest" duration-ms="0" started-at="2024-01-13T16:50:14 IST" finished-at="2024-01-13T16:50:14 IST">
          <reporter-output>
          </reporter-output>
        </test-method> <!-- addTest -->
        <test-method status="PASS" signature="addTest()[pri:0, instance:runclasstests.jenkinstest@78ac1102, instance params:[]]" name="addTest" duration-ms="0" started-at="2024-01-13T16:50:14 IST" finished-at="2024-01-13T16:50:14 IST">
          <reporter-output>
          </reporter-output>
        </test-method> <!-- addTest -->
        <test-method status="PASS" signature="mulTest()[pri:0, instance:runclasstests.jenkinstest@2de8284b, instance params:[]]" name="mulTest" duration-ms="0" started-at="2024-01-13T16:50:14 IST" finished-at="2024-01-13T16:50:14 IST">
          <reporter-output>
          </reporter-output>
        </test-method> <!-- mulTest -->
        <test-method status="PASS" signature="mulTest()[pri:0, instance:runclasstests.jenkinstest@78ac1102, instance params:[]]" name="mulTest" duration-ms="1" started-at="2024-01-13T16:50:14 IST" finished-at="2024-01-13T16:50:14 IST">
          <reporter-output>
          </reporter-output>
        </test-method> <!-- mulTest -->
        <test-method status="PASS" signature="subTest()[pri:0, instance:runclasstests.jenkinstest@3891771e, instance params:[]]" name="subTest" duration-ms="0" started-at="2024-01-13T16:50:14 IST" finished-at="2024-01-13T16:50:14 IST">
          <reporter-output>
          </reporter-output>
        </test-method> <!-- subTest -->
        <test-method status="PASS" signature="subTest()[pri:0, instance:runclasstests.jenkinstest@2de8284b, instance params:[]]" name="subTest" duration-ms="0" started-at="2024-01-13T16:50:14 IST" finished-at="2024-01-13T16:50:14 IST">
          <reporter-output>
          </reporter-output>
        </test-method> <!-- subTest -->
        <test-method status="PASS" signature="subTest()[pri:0, instance:runclasstests.jenkinstest@78ac1102, instance params:[]]" name="subTest" duration-ms="0" started-at="2024-01-13T16:50:14 IST" finished-at="2024-01-13T16:50:14 IST">
          <reporter-output>
          </reporter-output>
        </test-method> <!-- subTest -->
      </class> <!-- runclasstests.jenkinstest -->
    </test> <!-- Default test -->
  </suite> <!-- Default suite -->
</testng-results>
