<?xml version="1.0" encoding="UTF-8"?>
<testng-results skipped="0" failed="0" ignored="0" total="15" passed="15">
  <reporter-output>
  </reporter-output>
  <suite name="Suite" duration-ms="105" started-at="2024-01-03T13:58:28 IST" finished-at="2024-01-03T13:58:28 IST">
    <groups>
    </groups>
    <test name="Test" duration-ms="105" started-at="2024-01-03T13:58:28 IST" finished-at="2024-01-03T13:58:28 IST">
      <class name="runclasstests.jenkinstest">
        <test-method status="PASS" signature="addTest()[pri:0, instance:runclasstests.jenkinstest@2de8284b, instance params:[]]" name="addTest" duration-ms="16" started-at="2024-01-03T13:58:28 IST" finished-at="2024-01-03T13:58:28 IST">
          <reporter-output>
          </reporter-output>
        </test-method> <!-- addTest -->
        <test-method status="PASS" signature="addTest()[pri:0, instance:runclasstests.jenkinstest@3891771e, instance params:[]]" name="addTest" duration-ms="0" started-at="2024-01-03T13:58:28 IST" finished-at="2024-01-03T13:58:28 IST">
          <reporter-output>
          </reporter-output>
        </test-method> <!-- addTest -->
        <test-method status="PASS" signature="addTest()[pri:0, instance:runclasstests.jenkinstest@396e2f39, instance params:[]]" name="addTest" duration-ms="5" started-at="2024-01-03T13:58:28 IST" finished-at="2024-01-03T13:58:28 IST">
          <reporter-output>
          </reporter-output>
        </test-method> <!-- addTest -->
        <test-method status="PASS" signature="addTest()[pri:0, instance:runclasstests.jenkinstest@78ac1102, instance params:[]]" name="addTest" duration-ms="0" started-at="2024-01-03T13:58:28 IST" finished-at="2024-01-03T13:58:28 IST">
          <reporter-output>
          </reporter-output>
        </test-method> <!-- addTest -->
        <test-method status="PASS" signature="addTest()[pri:0, instance:runclasstests.jenkinstest@a74868d, instance params:[]]" name="addTest" duration-ms="11" started-at="2024-01-03T13:58:28 IST" finished-at="2024-01-03T13:58:28 IST">
          <reporter-output>
          </reporter-output>
        </test-method> <!-- addTest -->
        <test-method status="PASS" signature="mulTest()[pri:0, instance:runclasstests.jenkinstest@78ac1102, instance params:[]]" name="mulTest" duration-ms="16" started-at="2024-01-03T13:58:28 IST" finished-at="2024-01-03T13:58:28 IST">
          <reporter-output>
          </reporter-output>
        </test-method> <!-- mulTest -->
        <test-method status="PASS" signature="mulTest()[pri:0, instance:runclasstests.jenkinstest@396e2f39, instance params:[]]" name="mulTest" duration-ms="0" started-at="2024-01-03T13:58:28 IST" finished-at="2024-01-03T13:58:28 IST">
          <reporter-output>
          </reporter-output>
        </test-method> <!-- mulTest -->
        <test-method status="PASS" signature="mulTest()[pri:0, instance:runclasstests.jenkinstest@2de8284b, instance params:[]]" name="mulTest" duration-ms="0" started-at="2024-01-03T13:58:28 IST" finished-at="2024-01-03T13:58:28 IST">
          <reporter-output>
          </reporter-output>
        </test-method> <!-- mulTest -->
        <test-method status="PASS" signature="mulTest()[pri:0, instance:runclasstests.jenkinstest@3891771e, instance params:[]]" name="mulTest" duration-ms="0" started-at="2024-01-03T13:58:28 IST" finished-at="2024-01-03T13:58:28 IST">
          <reporter-output>
          </reporter-output>
        </test-method> <!-- mulTest -->
        <test-method status="PASS" signature="mulTest()[pri:0, instance:runclasstests.jenkinstest@a74868d, instance params:[]]" name="mulTest" duration-ms="0" started-at="2024-01-03T13:58:28 IST" finished-at="2024-01-03T13:58:28 IST">
          <reporter-output>
          </reporter-output>
        </test-method> <!-- mulTest -->
        <test-method status="PASS" signature="subTest()[pri:0, instance:runclasstests.jenkinstest@3891771e, instance params:[]]" name="subTest" duration-ms="0" started-at="2024-01-03T13:58:28 IST" finished-at="2024-01-03T13:58:28 IST">
          <reporter-output>
          </reporter-output>
        </test-method> <!-- subTest -->
        <test-method status="PASS" signature="subTest()[pri:0, instance:runclasstests.jenkinstest@396e2f39, instance params:[]]" name="subTest" duration-ms="0" started-at="2024-01-03T13:58:28 IST" finished-at="2024-01-03T13:58:28 IST">
          <reporter-output>
          </reporter-output>
        </test-method> <!-- subTest -->
        <test-method status="PASS" signature="subTest()[pri:0, instance:runclasstests.jenkinstest@2de8284b, instance params:[]]" name="subTest" duration-ms="0" started-at="2024-01-03T13:58:28 IST" finished-at="2024-01-03T13:58:28 IST">
          <reporter-output>
          </reporter-output>
        </test-method> <!-- subTest -->
        <test-method status="PASS" signature="subTest()[pri:0, instance:runclasstests.jenkinstest@a74868d, instance params:[]]" name="subTest" duration-ms="0" started-at="2024-01-03T13:58:28 IST" finished-at="2024-01-03T13:58:28 IST">
          <reporter-output>
          </reporter-output>
        </test-method> <!-- subTest -->
        <test-method status="PASS" signature="subTest()[pri:0, instance:runclasstests.jenkinstest@78ac1102, instance params:[]]" name="subTest" duration-ms="0" started-at="2024-01-03T13:58:28 IST" finished-at="2024-01-03T13:58:28 IST">
          <reporter-output>
          </reporter-output>
        </test-method> <!-- subTest -->
      </class> <!-- runclasstests.jenkinstest -->
    </test> <!-- Test -->
  </suite> <!-- Suite -->
</testng-results>
